ANALIZADOR LEXICO
AUTOR: CABELLO GOMEZ MARCELO
# = Caracter
include = Identificador
< = OperadorRelacional
stdio = Identificador
. = Caracter
h = Identificador
> = OperadorRelacional
# = Caracter
include = Identificador
< = OperadorRelacional
math = Identificador
. = Caracter
h = Identificador
> = OperadorRelacional
char = tipoDatos
x = Identificador
; = FinSentencia
int = tipoDatos
radio = Identificador
; = FinSentencia
float = tipoDatos
pi = Identificador
; = FinSentencia
void = Identificador
main = Identificador
( = Caracter
) = Caracter
{ = Inicio
radio = Identificador
= = Asignacion
( = Caracter
3 = Numero
+ = OperadorTermino
5 = Numero
) = Caracter
* = OperadorFactor
8 = Numero
- = OperadorTermino
( = Caracter
10 = Numero
- = OperadorTermino
4 = Numero
) = Caracter
/ = OperadorFactor
2 = Numero
; = FinSentencia
if = reservada
( = Caracter
radio = Identificador
> = OperadorRelacional
10 = Numero
) = Caracter
{ = Inicio
do = reservada
{ = Inicio
pi = Identificador
= = Asignacion
pi = Identificador
+ = OperadorTermino
1 = Numero
; = FinSentencia
pi = Identificador
++ = IncrementoTermino
; = FinSentencia
} = Fin
while = reservada
( = Caracter
pi = Identificador
> = OperadorRelacional
10 = Numero
) = Caracter
; = FinSentencia
} = Fin
} = Fin
 = Fin
Variables: 
x = Char = 0
radio = Int = 61
pi = Float = 2
